<?xml version="1.0" encoding="UTF-8"?>
<!-- Generated by org.testng.reporters.JUnitXMLReporter -->
<testsuite ignored="0" hostname="Rahul-Ramagiri" failures="2" tests="2" name="Default test" time="35.72" errors="0" timestamp="2024-06-15T11:08:12 IST">
  <testcase classname="io.cucumber.testng.AbstractTestNGCucumberTests" name="runScenario" time="32.458">
    <failure type="java.lang.StackOverflowError">
      <![CDATA[java.lang.StackOverflowError
at Steps.LoginSetps.TearDown(LoginSetps.java:63)
]]>
    </failure>
  </testcase> <!-- runScenario -->
  <testcase classname="io.cucumber.testng.AbstractTestNGCucumberTests" name="runScenario" time="2.222">
    <failure type="java.lang.StackOverflowError">
      <![CDATA[java.lang.StackOverflowError
at Steps.LoginSetps.TearDown(LoginSetps.java:63)
]]>
    </failure>
  </testcase> <!-- runScenario -->
</testsuite> <!-- Default test -->
