<?xml version="1.0" encoding="UTF-8"?>
<!-- Generated by org.testng.reporters.JUnitReportReporter -->
<testsuite hostname="Rahul-Ramagiri" failures="0" tests="2" name="Runner.RunCuke" time="34.680" errors="2" timestamp="2024-06-15T11:08:12 IST" skipped="0">
  <testcase classname="Runner.RunCuke" name="runScenario" time="2.222">
    <error type="java.lang.StackOverflowError">
      <![CDATA[java.lang.StackOverflowError
at Steps.LoginSetps.TearDown(LoginSetps.java:63)
]]>
    </error>
  </testcase> <!-- runScenario -->
  <testcase classname="Runner.RunCuke" name="runScenario" time="32.458">
    <error type="java.lang.StackOverflowError">
      <![CDATA[java.lang.StackOverflowError
at Steps.LoginSetps.TearDown(LoginSetps.java:63)
]]>
    </error>
  </testcase> <!-- runScenario -->
</testsuite> <!-- Runner.RunCuke -->
